<?xml version="1.0" encoding="UTF-8"?>
<testng-results ignored="0" total="2" passed="2" failed="0" skipped="0">
  <reporter-output>
  </reporter-output>
  <suite started-at="2021-08-16T17:38:12 IST" name="Suite" finished-at="2021-08-16T17:38:24 IST" duration-ms="12271">
    <groups>
      <group name="cucumber">
        <method signature="AbstractTestNGCucumberTests.runScenario(io.cucumber.testng.PickleWrapper,io.cucumber.testng.FeatureWrapper)[pri:0, instance:com.TestRunner.Runner@2c35e847]" name="runScenario" class="io.cucumber.testng.AbstractTestNGCucumberTests"/>
      </group> <!-- cucumber -->
    </groups>
    <test started-at="2021-08-16T17:38:12 IST" name="Test" finished-at="2021-08-16T17:38:24 IST" duration-ms="12271">
      <class name="com.TestRunner.Runner">
        <test-method is-config="true" signature="setUpClass()[pri:0, instance:com.TestRunner.Runner@2c35e847]" started-at="2021-08-16T17:38:12 IST" name="setUpClass" finished-at="2021-08-16T17:38:13 IST" duration-ms="626" status="PASS">
          <reporter-output>
          </reporter-output>
        </test-method> <!-- setUpClass -->
        <test-method signature="runScenario(io.cucumber.testng.PickleWrapper,io.cucumber.testng.FeatureWrapper)[pri:0, instance:com.TestRunner.Runner@2c35e847]" started-at="2021-08-16T17:38:13 IST" name="runScenario" description="Runs Cucumber Scenarios" data-provider="scenarios" finished-at="2021-08-16T17:38:20 IST" duration-ms="7345" status="PASS">
          <params>
            <param index="0">
              <value>
                <![CDATA["Validating Navistar login page with Valid crendantial"]]>
              </value>
            </param>
            <param index="1">
              <value>
                <![CDATA["Optional[Verify Navistar Login Page]"]]>
              </value>
            </param>
          </params>
          <reporter-output>
          </reporter-output>
        </test-method> <!-- runScenario -->
        <test-method signature="runScenario(io.cucumber.testng.PickleWrapper,io.cucumber.testng.FeatureWrapper)[pri:0, instance:com.TestRunner.Runner@2c35e847]" started-at="2021-08-16T17:38:20 IST" name="runScenario" description="Runs Cucumber Scenarios" data-provider="scenarios" finished-at="2021-08-16T17:38:24 IST" duration-ms="3697" status="PASS">
          <params>
            <param index="0">
              <value>
                <![CDATA["Validating Navistar login page with Invalid crendantial"]]>
              </value>
            </param>
            <param index="1">
              <value>
                <![CDATA["Optional[Verify Navistar Login Page]"]]>
              </value>
            </param>
          </params>
          <reporter-output>
          </reporter-output>
        </test-method> <!-- runScenario -->
        <test-method is-config="true" signature="tearDownClass()[pri:0, instance:com.TestRunner.Runner@2c35e847]" started-at="2021-08-16T17:38:24 IST" name="tearDownClass" finished-at="2021-08-16T17:38:24 IST" duration-ms="564" status="PASS">
          <reporter-output>
          </reporter-output>
        </test-method> <!-- tearDownClass -->
      </class> <!-- com.TestRunner.Runner -->
    </test> <!-- Test -->
  </suite> <!-- Suite -->
</testng-results>
